<?xml version="1.0" encoding="UTF-8"?>
<testng-results skipped="4" failed="2" total="6" passed="0">
  <reporter-output>
  </reporter-output>
  <suite name="Suite" duration-ms="998" started-at="2018-04-16T15:39:25Z" finished-at="2018-04-16T15:39:26Z">
    <groups>
    </groups>
    <test name="AdminTests" duration-ms="998" started-at="2018-04-16T15:39:25Z" finished-at="2018-04-16T15:39:26Z">
      <class name="com.mmp.admin.tests.AdminModule">
        <test-method status="FAIL" signature="setup(java.lang.String, java.lang.String)[pri:0, instance:com.mmp.admin.tests.AdminModule@3b2da18f]" name="setup" is-config="true" duration-ms="0" started-at="2018-04-16T11:39:25Z" finished-at="2018-04-16T11:39:25Z">
          <exception class="org.testng.TestNGException">
            <message>
              <![CDATA[
Parameter 'browser' is required by @Configuration on method setup but has not been marked @Optional or defined
in C:\Selenium_Project\RealtimeMavenProject\testng.xml]]>
            </message>
            <full-stacktrace>
              <![CDATA[org.testng.TestNGException: 
Parameter 'browser' is required by @Configuration on method setup but has not been marked @Optional or defined
in C:\Selenium_Project\RealtimeMavenProject\testng.xml
	at org.testng.internal.Parameters.createParameters(Parameters.java:155)
	at org.testng.internal.Parameters.createParameters(Parameters.java:355)
	at org.testng.internal.Parameters.createConfigurationParameters(Parameters.java:86)
	at org.testng.internal.Invoker.invokeConfigurations(Invoker.java:199)
	at org.testng.internal.Invoker.invokeConfigurations(Invoker.java:138)
	at org.testng.internal.TestMethodWorker.invokeBeforeClassMethods(TestMethodWorker.java:175)
	at org.testng.internal.TestMethodWorker.run(TestMethodWorker.java:107)
	at org.testng.TestRunner.privateRun(TestRunner.java:767)
	at org.testng.TestRunner.run(TestRunner.java:617)
	at org.testng.SuiteRunner.runTest(SuiteRunner.java:334)
	at org.testng.SuiteRunner.runSequentially(SuiteRunner.java:329)
	at org.testng.SuiteRunner.privateRun(SuiteRunner.java:291)
	at org.testng.SuiteRunner.run(SuiteRunner.java:240)
	at org.testng.SuiteRunnerWorker.runSuite(SuiteRunnerWorker.java:52)
	at org.testng.SuiteRunnerWorker.run(SuiteRunnerWorker.java:86)
	at org.testng.TestNG.runSuitesSequentially(TestNG.java:1198)
	at org.testng.TestNG.runSuitesLocally(TestNG.java:1123)
	at org.testng.TestNG.run(TestNG.java:1031)
	at org.testng.remote.AbstractRemoteTestNG.run(AbstractRemoteTestNG.java:114)
	at org.testng.remote.RemoteTestNG.initAndRun(RemoteTestNG.java:251)
	at org.testng.remote.RemoteTestNG.main(RemoteTestNG.java:77)
]]>
            </full-stacktrace>
          </exception> <!-- org.testng.TestNGException -->
          <reporter-output>
          </reporter-output>
        </test-method> <!-- setup -->
        <test-method status="FAIL" signature="AdminLoginTest(java.lang.String, java.lang.String)[pri:0, instance:com.mmp.admin.tests.AdminModule@3b2da18f]" name="AdminLoginTest" duration-ms="0" started-at="2018-04-16T11:39:25Z" finished-at="2018-04-16T11:39:25Z">
          <exception class="org.testng.TestNGException">
            <message>
              <![CDATA[
Parameter 'adminusername' is required by @Test on method AdminLoginTest but has not been marked @Optional or defined
in C:\Selenium_Project\RealtimeMavenProject\testng.xml]]>
            </message>
            <full-stacktrace>
              <![CDATA[org.testng.TestNGException: 
Parameter 'adminusername' is required by @Test on method AdminLoginTest but has not been marked @Optional or defined
in C:\Selenium_Project\RealtimeMavenProject\testng.xml
	at org.testng.internal.Parameters.createParameters(Parameters.java:155)
	at org.testng.internal.Parameters.createParameters(Parameters.java:355)
	at org.testng.internal.Parameters.handleParameters(Parameters.java:447)
	at org.testng.internal.Invoker.handleParameters(Invoker.java:1383)
	at org.testng.internal.Invoker.createParameters(Invoker.java:1075)
	at org.testng.internal.Invoker.invokeTestMethods(Invoker.java:1180)
	at org.testng.internal.TestMethodWorker.invokeTestMethods(TestMethodWorker.java:127)
	at org.testng.internal.TestMethodWorker.run(TestMethodWorker.java:111)
	at org.testng.TestRunner.privateRun(TestRunner.java:767)
	at org.testng.TestRunner.run(TestRunner.java:617)
	at org.testng.SuiteRunner.runTest(SuiteRunner.java:334)
	at org.testng.SuiteRunner.runSequentially(SuiteRunner.java:329)
	at org.testng.SuiteRunner.privateRun(SuiteRunner.java:291)
	at org.testng.SuiteRunner.run(SuiteRunner.java:240)
	at org.testng.SuiteRunnerWorker.runSuite(SuiteRunnerWorker.java:52)
	at org.testng.SuiteRunnerWorker.run(SuiteRunnerWorker.java:86)
	at org.testng.TestNG.runSuitesSequentially(TestNG.java:1198)
	at org.testng.TestNG.runSuitesLocally(TestNG.java:1123)
	at org.testng.TestNG.run(TestNG.java:1031)
	at org.testng.remote.AbstractRemoteTestNG.run(AbstractRemoteTestNG.java:114)
	at org.testng.remote.RemoteTestNG.initAndRun(RemoteTestNG.java:251)
	at org.testng.remote.RemoteTestNG.main(RemoteTestNG.java:77)
]]>
            </full-stacktrace>
          </exception> <!-- org.testng.TestNGException -->
          <reporter-output>
          </reporter-output>
        </test-method> <!-- AdminLoginTest -->
        <test-method status="SKIP" signature="searchPatientSSNTest(java.lang.String)[pri:0, instance:com.mmp.admin.tests.AdminModule@3b2da18f]" name="searchPatientSSNTest" duration-ms="8" started-at="2018-04-16T11:39:26Z" finished-at="2018-04-16T11:39:26Z">
          <params>
            <param index="0">
              <value>
                <![CDATA[667990098]]>
              </value>
            </param>
          </params>
          <reporter-output>
          </reporter-output>
        </test-method> <!-- searchPatientSSNTest -->
        <test-method status="SKIP" signature="createpatientvisitTest(java.lang.String, java.lang.String, java.lang.String, java.lang.String)[pri:0, instance:com.mmp.admin.tests.AdminModule@3b2da18f]" name="createpatientvisitTest" duration-ms="5" started-at="2018-04-16T11:39:26Z" finished-at="2018-04-16T11:39:26Z">
          <params>
            <param index="0">
              <value>
                <![CDATA[April/28/2018]]>
              </value>
            </param>
            <param index="1">
              <value>
                <![CDATA[11AM]]>
              </value>
            </param>
            <param index="2">
              <value>
                <![CDATA[Dr.Smith]]>
              </value>
            </param>
            <param index="3">
              <value>
                <![CDATA[Typhoid fever]]>
              </value>
            </param>
          </params>
          <reporter-output>
          </reporter-output>
        </test-method> <!-- createpatientvisitTest -->
        <test-method status="SKIP" signature="addPresdescriptionTest(java.lang.String, java.lang.String, java.lang.String)[pri:0, instance:com.mmp.admin.tests.AdminModule@3b2da18f]" name="addPresdescriptionTest" duration-ms="5" started-at="2018-04-16T11:39:26Z" finished-at="2018-04-16T11:39:26Z">
          <params>
            <param index="0">
              <value>
                <![CDATA[RogerPres]]>
              </value>
            </param>
            <param index="1">
              <value>
                <![CDATA[Prescription for Roger]]>
              </value>
            </param>
            <param index="2">
              <value>
                <![CDATA[667990098]]>
              </value>
            </param>
          </params>
          <reporter-output>
          </reporter-output>
        </test-method> <!-- addPresdescriptionTest -->
        <test-method status="SKIP" signature="createFeeMethodTest(java.lang.String)[pri:0, instance:com.mmp.admin.tests.AdminModule@3b2da18f]" name="createFeeMethodTest" duration-ms="8" started-at="2018-04-16T11:39:26Z" finished-at="2018-04-16T11:39:26Z">
          <params>
            <param index="0">
              <value>
                <![CDATA[667990098]]>
              </value>
            </param>
          </params>
          <reporter-output>
          </reporter-output>
        </test-method> <!-- createFeeMethodTest -->
        <test-method status="FAIL" signature="reportstest(java.lang.String, java.lang.String, java.lang.String, java.lang.String)[pri:0, instance:com.mmp.admin.tests.AdminModule@3b2da18f]" name="reportstest" duration-ms="0" started-at="2018-04-16T11:39:26Z" finished-at="2018-04-16T11:39:26Z">
          <exception class="org.testng.TestNGException">
            <message>
              <![CDATA[
Parameter 'Reportname' is required by @Test on method reportstest but has not been marked @Optional or defined
in C:\Selenium_Project\RealtimeMavenProject\testng.xml]]>
            </message>
            <full-stacktrace>
              <![CDATA[org.testng.TestNGException: 
Parameter 'Reportname' is required by @Test on method reportstest but has not been marked @Optional or defined
in C:\Selenium_Project\RealtimeMavenProject\testng.xml
	at org.testng.internal.Parameters.createParameters(Parameters.java:155)
	at org.testng.internal.Parameters.createParameters(Parameters.java:355)
	at org.testng.internal.Parameters.handleParameters(Parameters.java:447)
	at org.testng.internal.Invoker.handleParameters(Invoker.java:1383)
	at org.testng.internal.Invoker.createParameters(Invoker.java:1075)
	at org.testng.internal.Invoker.invokeTestMethods(Invoker.java:1180)
	at org.testng.internal.TestMethodWorker.invokeTestMethods(TestMethodWorker.java:127)
	at org.testng.internal.TestMethodWorker.run(TestMethodWorker.java:111)
	at org.testng.TestRunner.privateRun(TestRunner.java:767)
	at org.testng.TestRunner.run(TestRunner.java:617)
	at org.testng.SuiteRunner.runTest(SuiteRunner.java:334)
	at org.testng.SuiteRunner.runSequentially(SuiteRunner.java:329)
	at org.testng.SuiteRunner.privateRun(SuiteRunner.java:291)
	at org.testng.SuiteRunner.run(SuiteRunner.java:240)
	at org.testng.SuiteRunnerWorker.runSuite(SuiteRunnerWorker.java:52)
	at org.testng.SuiteRunnerWorker.run(SuiteRunnerWorker.java:86)
	at org.testng.TestNG.runSuitesSequentially(TestNG.java:1198)
	at org.testng.TestNG.runSuitesLocally(TestNG.java:1123)
	at org.testng.TestNG.run(TestNG.java:1031)
	at org.testng.remote.AbstractRemoteTestNG.run(AbstractRemoteTestNG.java:114)
	at org.testng.remote.RemoteTestNG.initAndRun(RemoteTestNG.java:251)
	at org.testng.remote.RemoteTestNG.main(RemoteTestNG.java:77)
]]>
            </full-stacktrace>
          </exception> <!-- org.testng.TestNGException -->
          <reporter-output>
          </reporter-output>
        </test-method> <!-- reportstest -->
        <test-method status="SKIP" signature="closeApp()[pri:0, instance:com.mmp.admin.tests.AdminModule@3b2da18f]" name="closeApp" is-config="true" duration-ms="0" started-at="2018-04-16T11:39:26Z" finished-at="2018-04-16T11:39:26Z">
          <reporter-output>
          </reporter-output>
        </test-method> <!-- closeApp -->
      </class> <!-- com.mmp.admin.tests.AdminModule -->
    </test> <!-- AdminTests -->
  </suite> <!-- Suite -->
</testng-results>
